<?xml version="1.0" encoding="UTF-8"?>
<testsuite name="io.github.manuelernesto.GetTodoSpec" tests="1" skipped="0" failures="1" errors="0" timestamp="2020-04-12T00:32:52" hostname="manuelernest0.local" time="0.067">
  <properties/>
  <testcase name="Should be ok to get the list of the TODOS" classname="io.github.manuelernesto.GetTodoSpec" time="0.067">
    <failure message="java.lang.AssertionError: Expected &lt;200 OK&gt;, actual &lt;null&gt; are not the same instance." type="java.lang.AssertionError">java.lang.AssertionError: Expected &lt;200 OK&gt;, actual &lt;null&gt; are not the same instance.
	at org.junit.Assert.fail(Assert.java:88)
	at kotlin.test.junit.JUnitAsserter.fail(JUnitSupport.kt:56)
	at kotlin.test.Asserter$DefaultImpls.assertTrue(Assertions.kt:196)
	at kotlin.test.junit.JUnitAsserter.assertTrue(JUnitSupport.kt:30)
	at kotlin.test.Asserter$DefaultImpls.assertTrue(Assertions.kt:206)
	at kotlin.test.junit.JUnitAsserter.assertTrue(JUnitSupport.kt:30)
	at kotlin.test.AssertionsKt__AssertionsKt.assertTrue(Assertions.kt:37)
	at kotlin.test.AssertionsKt.assertTrue(Unknown Source)
	at org.amshove.kluent.internal.AssertionsKt.assertTrue(Assertions.kt:7)
	at org.amshove.kluent.internal.AssertionsKt.assertSame(Assertions.kt:74)
	at org.amshove.kluent.BasicKt.shouldBe(Basic.kt:14)
	at org.amshove.kluent.BasicBacktickKt.should be(BasicBacktick.kt:11)
	at io.github.manuelernesto.GetTodoSpec$1$1$2$1.invoke(GetTodoSpec.kt:29)
	at io.github.manuelernesto.GetTodoSpec$1$1$2$1.invoke(GetTodoSpec.kt:13)
	at org.spekframework.spek2.runtime.scope.TestScopeImpl.execute(Scopes.kt:92)
	at org.spekframework.spek2.runtime.Executor.execute(Executor.kt:28)
	at org.spekframework.spek2.runtime.Executor.execute(Executor.kt:31)
	at org.spekframework.spek2.runtime.Executor.execute(Executor.kt:31)
	at org.spekframework.spek2.runtime.Executor.execute(Executor.kt:15)
	at org.spekframework.spek2.runtime.AbstractRuntime.execute(SpekRuntime.kt:32)
	at org.spekframework.spek2.junit.SpekTestEngine.execute(SpekTestEngine.kt:55)
	at org.junit.platform.launcher.core.DefaultLauncher.execute(DefaultLauncher.java:220)
	at org.junit.platform.launcher.core.DefaultLauncher.lambda$execute$6(DefaultLauncher.java:188)
	at org.junit.platform.launcher.core.DefaultLauncher.withInterceptedStreams(DefaultLauncher.java:202)
	at org.junit.platform.launcher.core.DefaultLauncher.execute(DefaultLauncher.java:181)
	at org.junit.platform.launcher.core.DefaultLauncher.execute(DefaultLauncher.java:128)
	at org.gradle.api.internal.tasks.testing.junitplatform.JUnitPlatformTestClassProcessor$CollectAllTestClassesExecutor.processAllTestClasses(JUnitPlatformTestClassProcessor.java:102)
	at org.gradle.api.internal.tasks.testing.junitplatform.JUnitPlatformTestClassProcessor$CollectAllTestClassesExecutor.access$000(JUnitPlatformTestClassProcessor.java:82)
	at org.gradle.api.internal.tasks.testing.junitplatform.JUnitPlatformTestClassProcessor.stop(JUnitPlatformTestClassProcessor.java:78)
	at org.gradle.api.internal.tasks.testing.SuiteTestClassProcessor.stop(SuiteTestClassProcessor.java:61)
	at sun.reflect.NativeMethodAccessorImpl.invoke0(Native Method)
	at sun.reflect.NativeMethodAccessorImpl.invoke(NativeMethodAccessorImpl.java:62)
	at sun.reflect.DelegatingMethodAccessorImpl.invoke(DelegatingMethodAccessorImpl.java:43)
	at java.lang.reflect.Method.invoke(Method.java:498)
	at org.gradle.internal.dispatch.ReflectionDispatch.dispatch(ReflectionDispatch.java:36)
	at org.gradle.internal.dispatch.ReflectionDispatch.dispatch(ReflectionDispatch.java:24)
	at org.gradle.internal.dispatch.ContextClassLoaderDispatch.dispatch(ContextClassLoaderDispatch.java:33)
	at org.gradle.internal.dispatch.ProxyDispatchAdapter$DispatchingInvocationHandler.invoke(ProxyDispatchAdapter.java:94)
	at com.sun.proxy.$Proxy2.stop(Unknown Source)
	at org.gradle.api.internal.tasks.testing.worker.TestWorker.stop(TestWorker.java:132)
	at sun.reflect.NativeMethodAccessorImpl.invoke0(Native Method)
	at sun.reflect.NativeMethodAccessorImpl.invoke(NativeMethodAccessorImpl.java:62)
	at sun.reflect.DelegatingMethodAccessorImpl.invoke(DelegatingMethodAccessorImpl.java:43)
	at java.lang.reflect.Method.invoke(Method.java:498)
	at org.gradle.internal.dispatch.ReflectionDispatch.dispatch(ReflectionDispatch.java:36)
	at org.gradle.internal.dispatch.ReflectionDispatch.dispatch(ReflectionDispatch.java:24)
	at org.gradle.internal.remote.internal.hub.MessageHubBackedObjectConnection$DispatchWrapper.dispatch(MessageHubBackedObjectConnection.java:182)
	at org.gradle.internal.remote.internal.hub.MessageHubBackedObjectConnection$DispatchWrapper.dispatch(MessageHubBackedObjectConnection.java:164)
	at org.gradle.internal.remote.internal.hub.MessageHub$Handler.run(MessageHub.java:412)
	at org.gradle.internal.concurrent.ExecutorPolicy$CatchAndRecordFailures.onExecute(ExecutorPolicy.java:64)
	at org.gradle.internal.concurrent.ManagedExecutorImpl$1.run(ManagedExecutorImpl.java:48)
	at java.util.concurrent.ThreadPoolExecutor.runWorker(ThreadPoolExecutor.java:1149)
	at java.util.concurrent.ThreadPoolExecutor$Worker.run(ThreadPoolExecutor.java:624)
	at org.gradle.internal.concurrent.ThreadFactoryImpl$ManagedThreadRunnable.run(ThreadFactoryImpl.java:56)
	at java.lang.Thread.run(Thread.java:748)
</failure>
  </testcase>
  <system-out><![CDATA[]]></system-out>
  <system-err><![CDATA[]]></system-err>
</testsuite>
